<?xml version="1.0" encoding="UTF-8"?>
<testsuite xmlns:xsi="http://www.w3.org/2001/XMLSchema-instance" xsi:noNamespaceSchemaLocation="https://maven.apache.org/surefire/maven-surefire-plugin/xsd/surefire-test-report-3.0.xsd" version="3.0" name="snake.SnakeTest" time="1.463" tests="11" errors="0" skipped="0" failures="0">
  <properties>
    <property name="awt.toolkit" value="sun.awt.X11.XToolkit"/>
    <property name="java.specification.version" value="11"/>
    <property name="sun.cpu.isalist" value=""/>
    <property name="sun.jnu.encoding" value="UTF-8"/>
    <property name="java.class.path" value="/home/lajby/DE-IK 2019-20-2/Progtech/Hazi_projekt/snakegame/target/clover/test-classes:/home/lajby/DE-IK 2019-20-2/Progtech/Hazi_projekt/snakegame/target/clover/classes:/home/lajby/.m2/repository/org/slf4j/slf4j-api/1.7.26/slf4j-api-1.7.26.jar:/home/lajby/.m2/repository/org/apache/logging/log4j/log4j-slf4j-impl/2.11.2/log4j-slf4j-impl-2.11.2.jar:/home/lajby/.m2/repository/org/apache/logging/log4j/log4j-api/2.11.2/log4j-api-2.11.2.jar:/home/lajby/.m2/repository/org/apache/logging/log4j/log4j-core/2.11.2/log4j-core-2.11.2.jar:/home/lajby/.m2/repository/org/openjfx/javafx-controls/11.0.2/javafx-controls-11.0.2.jar:/home/lajby/.m2/repository/org/openjfx/javafx-controls/11.0.2/javafx-controls-11.0.2-linux.jar:/home/lajby/.m2/repository/org/openjfx/javafx-graphics/11.0.2/javafx-graphics-11.0.2.jar:/home/lajby/.m2/repository/org/openjfx/javafx-graphics/11.0.2/javafx-graphics-11.0.2-linux.jar:/home/lajby/.m2/repository/org/openjfx/javafx-base/11.0.2/javafx-base-11.0.2.jar:/home/lajby/.m2/repository/org/openjfx/javafx-base/11.0.2/javafx-base-11.0.2-linux.jar:/home/lajby/.m2/repository/org/openjfx/javafx-fxml/11.0.2/javafx-fxml-11.0.2.jar:/home/lajby/.m2/repository/org/openjfx/javafx-fxml/11.0.2/javafx-fxml-11.0.2-linux.jar:/home/lajby/.m2/repository/org/projectlombok/lombok/1.18.12/lombok-1.18.12.jar:/home/lajby/.m2/repository/org/jdbi/jdbi3-core/3.12.2/jdbi3-core-3.12.2.jar:/home/lajby/.m2/repository/org/antlr/antlr4-runtime/4.7.2/antlr4-runtime-4.7.2.jar:/home/lajby/.m2/repository/io/leangen/geantyref/geantyref/1.3.7/geantyref-1.3.7.jar:/home/lajby/.m2/repository/com/github/ben-manes/caffeine/caffeine/2.8.0/caffeine-2.8.0.jar:/home/lajby/.m2/repository/org/checkerframework/checker-qual/2.10.0/checker-qual-2.10.0.jar:/home/lajby/.m2/repository/org/jdbi/jdbi3-sqlobject/3.12.2/jdbi3-sqlobject-3.12.2.jar:/home/lajby/.m2/repository/com/h2database/h2/1.4.200/h2-1.4.200.jar:/home/lajby/.m2/repository/mysql/mysql-connector-java/8.0.15/mysql-connector-java-8.0.15.jar:/home/lajby/.m2/repository/com/google/protobuf/protobuf-java/3.6.1/protobuf-java-3.6.1.jar:/home/lajby/.m2/repository/org/junit/jupiter/junit-jupiter-engine/5.6.2/junit-jupiter-engine-5.6.2.jar:/home/lajby/.m2/repository/org/apiguardian/apiguardian-api/1.1.0/apiguardian-api-1.1.0.jar:/home/lajby/.m2/repository/org/junit/platform/junit-platform-engine/1.6.2/junit-platform-engine-1.6.2.jar:/home/lajby/.m2/repository/org/opentest4j/opentest4j/1.2.0/opentest4j-1.2.0.jar:/home/lajby/.m2/repository/org/junit/platform/junit-platform-commons/1.6.2/junit-platform-commons-1.6.2.jar:/home/lajby/.m2/repository/org/junit/jupiter/junit-jupiter-api/5.6.2/junit-jupiter-api-5.6.2.jar:/home/lajby/.m2/repository/org/openclover/clover/4.4.1/clover-4.4.1.jar:/tmp/grover11836816437311704077.jar:"/>
    <property name="java.vm.vendor" value="AdoptOpenJDK"/>
    <property name="sun.arch.data.model" value="64"/>
    <property name="java.vendor.url" value="https://adoptopenjdk.net/"/>
    <property name="user.timezone" value=""/>
    <property name="java.vm.specification.version" value="11"/>
    <property name="os.name" value="Linux"/>
    <property name="sun.java.launcher" value="SUN_STANDARD"/>
    <property name="user.country" value="US"/>
    <property name="sun.boot.library.path" value="/home/lajby/.sdkman/candidates/java/11.0.7.hs-adpt/lib"/>
    <property name="sun.java.command" value="/home/lajby/DE-IK 2019-20-2/Progtech/Hazi_projekt/snakegame/target/clover/surefire/surefirebooter17595139917763323833.jar /home/lajby/DE-IK 2019-20-2/Progtech/Hazi_projekt/snakegame/target/clover/surefire 2020-05-19T21-12-25_731-jvmRun1 surefire4042934958673113065tmp surefire_014627072122717568317tmp"/>
    <property name="jdk.debug" value="release"/>
    <property name="surefire.test.class.path" value="/home/lajby/DE-IK 2019-20-2/Progtech/Hazi_projekt/snakegame/target/clover/test-classes:/home/lajby/DE-IK 2019-20-2/Progtech/Hazi_projekt/snakegame/target/clover/classes:/home/lajby/.m2/repository/org/slf4j/slf4j-api/1.7.26/slf4j-api-1.7.26.jar:/home/lajby/.m2/repository/org/apache/logging/log4j/log4j-slf4j-impl/2.11.2/log4j-slf4j-impl-2.11.2.jar:/home/lajby/.m2/repository/org/apache/logging/log4j/log4j-api/2.11.2/log4j-api-2.11.2.jar:/home/lajby/.m2/repository/org/apache/logging/log4j/log4j-core/2.11.2/log4j-core-2.11.2.jar:/home/lajby/.m2/repository/org/openjfx/javafx-controls/11.0.2/javafx-controls-11.0.2.jar:/home/lajby/.m2/repository/org/openjfx/javafx-controls/11.0.2/javafx-controls-11.0.2-linux.jar:/home/lajby/.m2/repository/org/openjfx/javafx-graphics/11.0.2/javafx-graphics-11.0.2.jar:/home/lajby/.m2/repository/org/openjfx/javafx-graphics/11.0.2/javafx-graphics-11.0.2-linux.jar:/home/lajby/.m2/repository/org/openjfx/javafx-base/11.0.2/javafx-base-11.0.2.jar:/home/lajby/.m2/repository/org/openjfx/javafx-base/11.0.2/javafx-base-11.0.2-linux.jar:/home/lajby/.m2/repository/org/openjfx/javafx-fxml/11.0.2/javafx-fxml-11.0.2.jar:/home/lajby/.m2/repository/org/openjfx/javafx-fxml/11.0.2/javafx-fxml-11.0.2-linux.jar:/home/lajby/.m2/repository/org/projectlombok/lombok/1.18.12/lombok-1.18.12.jar:/home/lajby/.m2/repository/org/jdbi/jdbi3-core/3.12.2/jdbi3-core-3.12.2.jar:/home/lajby/.m2/repository/org/antlr/antlr4-runtime/4.7.2/antlr4-runtime-4.7.2.jar:/home/lajby/.m2/repository/io/leangen/geantyref/geantyref/1.3.7/geantyref-1.3.7.jar:/home/lajby/.m2/repository/com/github/ben-manes/caffeine/caffeine/2.8.0/caffeine-2.8.0.jar:/home/lajby/.m2/repository/org/checkerframework/checker-qual/2.10.0/checker-qual-2.10.0.jar:/home/lajby/.m2/repository/org/jdbi/jdbi3-sqlobject/3.12.2/jdbi3-sqlobject-3.12.2.jar:/home/lajby/.m2/repository/com/h2database/h2/1.4.200/h2-1.4.200.jar:/home/lajby/.m2/repository/mysql/mysql-connector-java/8.0.15/mysql-connector-java-8.0.15.jar:/home/lajby/.m2/repository/com/google/protobuf/protobuf-java/3.6.1/protobuf-java-3.6.1.jar:/home/lajby/.m2/repository/org/junit/jupiter/junit-jupiter-engine/5.6.2/junit-jupiter-engine-5.6.2.jar:/home/lajby/.m2/repository/org/apiguardian/apiguardian-api/1.1.0/apiguardian-api-1.1.0.jar:/home/lajby/.m2/repository/org/junit/platform/junit-platform-engine/1.6.2/junit-platform-engine-1.6.2.jar:/home/lajby/.m2/repository/org/opentest4j/opentest4j/1.2.0/opentest4j-1.2.0.jar:/home/lajby/.m2/repository/org/junit/platform/junit-platform-commons/1.6.2/junit-platform-commons-1.6.2.jar:/home/lajby/.m2/repository/org/junit/jupiter/junit-jupiter-api/5.6.2/junit-jupiter-api-5.6.2.jar:/home/lajby/.m2/repository/org/openclover/clover/4.4.1/clover-4.4.1.jar:/tmp/grover11836816437311704077.jar:"/>
    <property name="sun.cpu.endian" value="little"/>
    <property name="user.home" value="/home/lajby"/>
    <property name="user.language" value="en"/>
    <property name="java.specification.vendor" value="Oracle Corporation"/>
    <property name="java.version.date" value="2020-04-14"/>
    <property name="java.home" value="/home/lajby/.sdkman/candidates/java/11.0.7.hs-adpt"/>
    <property name="file.separator" value="/"/>
    <property name="basedir" value="/home/lajby/DE-IK 2019-20-2/Progtech/Hazi_projekt/snakegame"/>
    <property name="java.vm.compressedOopsMode" value="32-bit"/>
    <property name="line.separator" value="&#10;"/>
    <property name="java.specification.name" value="Java Platform API Specification"/>
    <property name="java.vm.specification.vendor" value="Oracle Corporation"/>
    <property name="java.awt.graphicsenv" value="sun.awt.X11GraphicsEnvironment"/>
    <property name="idea.version2020.1.1" value="true"/>
    <property name="surefire.real.class.path" value="/home/lajby/DE-IK 2019-20-2/Progtech/Hazi_projekt/snakegame/target/clover/surefire/surefirebooter17595139917763323833.jar"/>
    <property name="sun.management.compiler" value="HotSpot 64-Bit Tiered Compilers"/>
    <property name="java.runtime.version" value="11.0.7+10"/>
    <property name="user.name" value="lajby"/>
    <property name="path.separator" value=":"/>
    <property name="os.version" value="5.3.0-51-generic"/>
    <property name="java.runtime.name" value="OpenJDK Runtime Environment"/>
    <property name="file.encoding" value="UTF-8"/>
    <property name="java.vm.name" value="OpenJDK 64-Bit Server VM"/>
    <property name="java.vendor.version" value="AdoptOpenJDK"/>
    <property name="localRepository" value="/home/lajby/.m2/repository"/>
    <property name="java.vendor.url.bug" value="https://github.com/AdoptOpenJDK/openjdk-support/issues"/>
    <property name="java.io.tmpdir" value="/tmp"/>
    <property name="java.version" value="11.0.7"/>
    <property name="user.dir" value="/home/lajby/DE-IK 2019-20-2/Progtech/Hazi_projekt/snakegame"/>
    <property name="os.arch" value="amd64"/>
    <property name="java.vm.specification.name" value="Java Virtual Machine Specification"/>
    <property name="java.awt.printerjob" value="sun.print.PSPrinterJob"/>
    <property name="sun.os.patch.level" value="unknown"/>
    <property name="java.library.path" value="/usr/java/packages/lib:/usr/lib64:/lib64:/lib:/usr/lib"/>
    <property name="java.vendor" value="AdoptOpenJDK"/>
    <property name="java.vm.info" value="mixed mode"/>
    <property name="java.vm.version" value="11.0.7+10"/>
    <property name="sun.io.unicode.encoding" value="UnicodeLittle"/>
    <property name="java.class.version" value="55.0"/>
  </properties>
  <testcase name="testGoToOtherSide" classname="snake.SnakeTest" time="1.178"/>
  <testcase name="testDirectionRightLeft" classname="snake.SnakeTest" time="0.016"/>
  <testcase name="testSnakeLength" classname="snake.SnakeTest" time="0.007"/>
  <testcase name="testPlace" classname="snake.SnakeTest" time="0.008"/>
  <testcase name="testMove" classname="snake.SnakeTest" time="0.025"/>
  <testcase name="testPlaceAgain" classname="snake.SnakeTest" time="0.013"/>
  <testcase name="testSnakeDie" classname="snake.SnakeTest" time="0.052"/>
  <testcase name="testDirectionDownUp" classname="snake.SnakeTest" time="0.017"/>
  <testcase name="testDirectionLeftRight" classname="snake.SnakeTest" time="0.045"/>
  <testcase name="testInvalidPlace" classname="snake.SnakeTest" time="0.019"/>
  <testcase name="testDirectionUpDown" classname="snake.SnakeTest" time="0.022"/>
</testsuite>